0 info it worked if it ends with ok
1 verbose cli [ 'C:\\Program Files\\nodejs\\node.exe',
1 verbose cli   'C:\\Program Files\\nodejs\\node_modules\\npm\\bin\\npm-cli.js',
1 verbose cli   'install',
1 verbose cli   'sqlite3' ]
2 info using npm@3.8.6
3 info using node@v6.1.0
4 silly loadCurrentTree Starting
5 silly install loadCurrentTree
6 silly install readLocalPackageData
7 silly fetchPackageMetaData sqlite3
8 silly fetchNamedPackageData sqlite3
9 silly mapToRegistry name sqlite3
10 silly mapToRegistry using default registry
11 silly mapToRegistry registry https://registry.npmjs.org/
12 silly mapToRegistry data Result {
12 silly mapToRegistry   raw: 'sqlite3',
12 silly mapToRegistry   scope: null,
12 silly mapToRegistry   name: 'sqlite3',
12 silly mapToRegistry   rawSpec: '',
12 silly mapToRegistry   spec: 'latest',
12 silly mapToRegistry   type: 'tag' }
13 silly mapToRegistry uri https://registry.npmjs.org/sqlite3
14 verbose request uri https://registry.npmjs.org/sqlite3
15 verbose request no auth needed
16 info attempt registry request try #1 at 08:38:31
17 verbose request id 3f820f21214eff65
18 http request GET https://registry.npmjs.org/sqlite3
19 http 200 https://registry.npmjs.org/sqlite3
20 verbose headers { server: 'CouchDB/1.5.0 (Erlang OTP/R16B03)',
20 verbose headers   etag: '"9U5LOE1CCIGRZ991D4HZD3MKL"',
20 verbose headers   'content-type': 'application/json',
20 verbose headers   'content-encoding': 'gzip',
20 verbose headers   'cache-control': 'max-age=300',
20 verbose headers   'content-length': '14466',
20 verbose headers   'accept-ranges': 'bytes',
20 verbose headers   date: 'Thu, 23 Jun 2016 00:38:27 GMT',
20 verbose headers   via: '1.1 varnish',
20 verbose headers   age: '0',
20 verbose headers   connection: 'keep-alive',
20 verbose headers   'x-served-by': 'cache-ams4124-AMS',
20 verbose headers   'x-cache': 'HIT',
20 verbose headers   'x-cache-hits': '1',
20 verbose headers   'x-timer': 'S1466642307.121450,VS0,VE172',
20 verbose headers   vary: 'Accept-Encoding' }
21 silly get cb [ 200,
21 silly get   { server: 'CouchDB/1.5.0 (Erlang OTP/R16B03)',
21 silly get     etag: '"9U5LOE1CCIGRZ991D4HZD3MKL"',
21 silly get     'content-type': 'application/json',
21 silly get     'content-encoding': 'gzip',
21 silly get     'cache-control': 'max-age=300',
21 silly get     'content-length': '14466',
21 silly get     'accept-ranges': 'bytes',
21 silly get     date: 'Thu, 23 Jun 2016 00:38:27 GMT',
21 silly get     via: '1.1 varnish',
21 silly get     age: '0',
21 silly get     connection: 'keep-alive',
21 silly get     'x-served-by': 'cache-ams4124-AMS',
21 silly get     'x-cache': 'HIT',
21 silly get     'x-cache-hits': '1',
21 silly get     'x-timer': 'S1466642307.121450,VS0,VE172',
21 silly get     vary: 'Accept-Encoding' } ]
22 verbose get saving sqlite3 to C:\Users\zl\AppData\Roaming\npm-cache\registry.npmjs.org\sqlite3\.cache.json
23 verbose correctMkdir C:\Users\zl\AppData\Roaming\npm-cache correctMkdir not in flight; initializing
24 silly install normalizeTree
25 silly loadCurrentTree Finishing
26 silly loadIdealTree Starting
27 silly install loadIdealTree
28 silly cloneCurrentTree Starting
29 silly install cloneCurrentTreeToIdealTree
30 silly cloneCurrentTree Finishing
31 silly loadShrinkwrap Starting
32 silly install loadShrinkwrap
33 silly loadShrinkwrap Finishing
34 silly loadAllDepsIntoIdealTree Starting
35 silly install loadAllDepsIntoIdealTree
36 silly resolveWithNewModule sqlite3@3.1.4 checking installable status
37 silly cache add args [ 'sqlite3', null ]
38 verbose cache add spec sqlite3
39 silly cache add parsed spec Result {
39 silly cache add   raw: 'sqlite3',
39 silly cache add   scope: null,
39 silly cache add   name: 'sqlite3',
39 silly cache add   rawSpec: '',
39 silly cache add   spec: 'latest',
39 silly cache add   type: 'tag' }
40 silly addNamed sqlite3@latest
41 verbose addNamed "latest" is being treated as a dist-tag for sqlite3
42 info addNameTag [ 'sqlite3', 'latest' ]
43 silly mapToRegistry name sqlite3
44 silly mapToRegistry using default registry
45 silly mapToRegistry registry https://registry.npmjs.org/
46 silly mapToRegistry data Result {
46 silly mapToRegistry   raw: 'sqlite3',
46 silly mapToRegistry   scope: null,
46 silly mapToRegistry   name: 'sqlite3',
46 silly mapToRegistry   rawSpec: '',
46 silly mapToRegistry   spec: 'latest',
46 silly mapToRegistry   type: 'tag' }
47 silly mapToRegistry uri https://registry.npmjs.org/sqlite3
48 verbose addNameTag registry:https://registry.npmjs.org/sqlite3 not in flight; fetching
49 verbose get https://registry.npmjs.org/sqlite3 not expired, no request
50 silly addNameTag next cb for sqlite3 with tag latest
51 silly addNamed sqlite3@3.1.4
52 verbose addNamed "3.1.4" is a plain semver version for sqlite3
53 silly mapToRegistry name sqlite3
54 silly mapToRegistry using default registry
55 silly mapToRegistry registry https://registry.npmjs.org/
56 silly mapToRegistry data Result {
56 silly mapToRegistry   raw: 'sqlite3',
56 silly mapToRegistry   scope: null,
56 silly mapToRegistry   name: 'sqlite3',
56 silly mapToRegistry   rawSpec: '',
56 silly mapToRegistry   spec: 'latest',
56 silly mapToRegistry   type: 'tag' }
57 silly mapToRegistry uri https://registry.npmjs.org/sqlite3
58 verbose addRemoteTarball https://registry.npmjs.org/sqlite3/-/sqlite3-3.1.4.tgz not in flight; adding
59 verbose addRemoteTarball [ 'https://registry.npmjs.org/sqlite3/-/sqlite3-3.1.4.tgz',
59 verbose addRemoteTarball   'b01176b8aebdfe9e09ce0b3faedbf305d8a64a25' ]
60 info retry fetch attempt 1 at 08:38:33
61 info attempt registry request try #1 at 08:38:33
62 http fetch GET https://registry.npmjs.org/sqlite3/-/sqlite3-3.1.4.tgz
63 http fetch 200 https://registry.npmjs.org/sqlite3/-/sqlite3-3.1.4.tgz
64 info retry will retry, error on last attempt: Error: read ECONNRESET
65 info retry will retry, error on last attempt: Error: read ECONNRESET
66 silly fetchAndShaCheck shasum b01176b8aebdfe9e09ce0b3faedbf305d8a64a25
67 silly rollbackFailedOptional Starting
68 silly rollbackFailedOptional Finishing
69 silly runTopLevelLifecycles Starting
70 silly runTopLevelLifecycles Finishing
71 silly install printInstalled
72 verbose stack Error: shasum check failed for C:\Users\zl\AppData\Local\Temp\npm-16192-22039f57\registry.npmjs.org\sqlite3\-\sqlite3-3.1.4.tgz
72 verbose stack Expected: b01176b8aebdfe9e09ce0b3faedbf305d8a64a25
72 verbose stack Actual:   30d77656856cc653ac16343e27ade63e83e7c51e
72 verbose stack From:     https://registry.npmjs.org/sqlite3/-/sqlite3-3.1.4.tgz
72 verbose stack     at C:\Program Files\nodejs\node_modules\npm\node_modules\sha\index.js:25:8
72 verbose stack     at ReadStream.<anonymous> (C:\Program Files\nodejs\node_modules\npm\node_modules\sha\index.js:72:7)
72 verbose stack     at emitNone (events.js:91:20)
72 verbose stack     at ReadStream.emit (events.js:185:7)
72 verbose stack     at endReadableNT (_stream_readable.js:926:12)
72 verbose stack     at _combinedTickCallback (internal/process/next_tick.js:74:11)
72 verbose stack     at process._tickCallback (internal/process/next_tick.js:98:9)
73 verbose cwd I:\shgbit\gbvisionsite
74 error Windows_NT 10.0.10586
75 error argv "C:\\Program Files\\nodejs\\node.exe" "C:\\Program Files\\nodejs\\node_modules\\npm\\bin\\npm-cli.js" "install" "sqlite3"
76 error node v6.1.0
77 error npm  v3.8.6
78 error shasum check failed for C:\Users\zl\AppData\Local\Temp\npm-16192-22039f57\registry.npmjs.org\sqlite3\-\sqlite3-3.1.4.tgz
78 error Expected: b01176b8aebdfe9e09ce0b3faedbf305d8a64a25
78 error Actual:   30d77656856cc653ac16343e27ade63e83e7c51e
78 error From:     https://registry.npmjs.org/sqlite3/-/sqlite3-3.1.4.tgz
79 error If you need help, you may report this error at:
79 error     <https://github.com/npm/npm/issues>
80 verbose exit [ 1, true ]
